21:38:54 [INFO] Starting to read in file
21:38:54 [INFO] Read in file 738459-Spain-LaLiga-2013-2014-Celta-Vigo-Espanyol.json
21:38:54 [INFO] Gathering match id, league, season
21:40:45 [INFO] Reading in file/ESP1/738459-Spain-LaLiga-2013-2014-Celta-Vigo-Espanyol.json
21:41:04 [INFO] Reading in fileESP1/738459-Spain-LaLiga-2013-2014-Celta-Vigo-Espanyol.json
21:41:04 [INFO] Read in file ESP1/738459-Spain-LaLiga-2013-2014-Celta-Vigo-Espanyol.json
21:41:04 [INFO] Gathering match id, league, season
21:41:04 [INFO] Retrieved match id, league, season
21:41:04 [INFO] Working on match 738459 in league ESP1 in season 2013-2014
21:44:01 [INFO] Attached filepath ESP1/738459-Spain-LaLiga-2013-2014-Celta-Vigo-Espanyol.json
21:44:06 [INFO] Reading in fileESP1/738459-Spain-LaLiga-2013-2014-Celta-Vigo-Espanyol.json
21:44:06 [INFO] Read in file ESP1/738459-Spain-LaLiga-2013-2014-Celta-Vigo-Espanyol.json
21:44:06 [INFO] Gathering match id, league, season
21:44:06 [INFO] Retrieved match id, league, season
21:44:06 [INFO] Working on match 738459 in league ESP1 in season 2013-2014
21:44:24 [INFO] Retrieving referee data 738459
21:44:24 [INFO] Retrieved referee data 738459
21:44:47 [INFO] Retrieving player-game info 738459
22:07:31 [INFO] Attached filepath ESP1/738459-Spain-LaLiga-2013-2014-Celta-Vigo-Espanyol.json
22:07:37 [INFO] Reading in fileESP1/738459-Spain-LaLiga-2013-2014-Celta-Vigo-Espanyol.json
22:07:37 [INFO] Read in file ESP1/738459-Spain-LaLiga-2013-2014-Celta-Vigo-Espanyol.json
22:07:37 [INFO] Gathering match id, league, season
22:07:37 [INFO] Retrieved match id, league, season
22:07:37 [INFO] Working on match 738459 in league ESP1 in season 2013-2014
22:07:43 [INFO] Retrieving referee data 738459
22:07:43 [INFO] Retrieved referee data 738459
22:07:48 [INFO] Retrieving player-game info 738459
22:07:54 [INFO] Retrieving game info 738459
22:12:31 [INFO] Attached filepath ESP1/738459-Spain-LaLiga-2013-2014-Celta-Vigo-Espanyol.json
22:12:37 [INFO] Reading in fileESP1/738459-Spain-LaLiga-2013-2014-Celta-Vigo-Espanyol.json
22:12:37 [INFO] Read in file ESP1/738459-Spain-LaLiga-2013-2014-Celta-Vigo-Espanyol.json
22:12:37 [INFO] Gathering match id, league, season
22:12:37 [INFO] Retrieved match id, league, season
22:12:37 [INFO] Working on match 738459 in league ESP1 in season 2013-2014
22:12:43 [INFO] Retrieving referee data 738459
22:12:43 [INFO] Retrieved referee data 738459
22:12:49 [INFO] Retrieving player-game info 738459
22:13:10 [INFO] Retrieving game info 738459
22:13:10 [INFO] Retrieved game info 738459
22:14:01 [INFO] Attached filepath ESP1/738459-Spain-LaLiga-2013-2014-Celta-Vigo-Espanyol.json
22:14:15 [INFO] Reading in fileESP1/738459-Spain-LaLiga-2013-2014-Celta-Vigo-Espanyol.json
22:14:15 [INFO] Read in file ESP1/738459-Spain-LaLiga-2013-2014-Celta-Vigo-Espanyol.json
22:14:15 [INFO] Gathering match id, league, season
22:14:15 [INFO] Retrieved match id, league, season
22:14:15 [INFO] Working on match 738459 in league ESP1 in season 2013-2014
22:14:17 [INFO] Retrieving player-game info 738459
22:17:00 [INFO] Attached filepath ESP1/738459-Spain-LaLiga-2013-2014-Celta-Vigo-Espanyol.json
22:17:01 [INFO] Reading in fileESP1/738459-Spain-LaLiga-2013-2014-Celta-Vigo-Espanyol.json
22:17:02 [INFO] Read in file ESP1/738459-Spain-LaLiga-2013-2014-Celta-Vigo-Espanyol.json
22:17:02 [INFO] Gathering match id, league, season
22:17:02 [INFO] Retrieved match id, league, season
22:17:02 [INFO] Working on match 738459 in league ESP1 in season 2013-2014
22:17:04 [INFO] Retrieving player-game info 738459
22:17:04 [INFO] Retrieved player-game info for 738459
22:17:35 [INFO] Retrieving game info 738459
22:17:35 [INFO] Retrieved game info 738459
22:24:02 [INFO] Attached filepath ESP1/738459-Spain-LaLiga-2013-2014-Celta-Vigo-Espanyol.json
22:24:07 [INFO] Reading in fileESP1/738459-Spain-LaLiga-2013-2014-Celta-Vigo-Espanyol.json
22:24:07 [INFO] Read in file ESP1/738459-Spain-LaLiga-2013-2014-Celta-Vigo-Espanyol.json
22:24:07 [INFO] Gathering match id, league, season
22:24:07 [INFO] Retrieved match id, league, season
22:24:07 [INFO] Working on match 738459 in league ESP1 in season 2013-2014
22:24:17 [INFO] Retrieving player-game info 738459
22:24:17 [INFO] Retrieved player-game info for 738459
22:24:21 [INFO] Retrieving game info 738459
22:24:49 [INFO] Attached filepath ESP1/738459-Spain-LaLiga-2013-2014-Celta-Vigo-Espanyol.json
22:24:51 [INFO] Reading in fileESP1/738459-Spain-LaLiga-2013-2014-Celta-Vigo-Espanyol.json
22:24:51 [INFO] Read in file ESP1/738459-Spain-LaLiga-2013-2014-Celta-Vigo-Espanyol.json
22:24:51 [INFO] Gathering match id, league, season
22:24:51 [INFO] Retrieved match id, league, season
22:24:51 [INFO] Working on match 738459 in league ESP1 in season 2013-2014
22:24:53 [INFO] Retrieving player-game info 738459
22:24:53 [INFO] Retrieved player-game info for 738459
22:24:55 [INFO] Retrieving game info 738459
22:24:55 [INFO] Retrieved game info 738459
